<?xml version="1.0" encoding="UTF-8"?>
<!-- Generated by org.testng.reporters.JUnitReportReporter -->
<testsuite skipped="0" hostname="in-suhailma-1" name="com.crm.qa.practice.DataProviderExample" tests="2" failures="0" timestamp="29 Sep 2018 07:36:21 GMT" time="0.010" errors="0">
  <testcase name="printData" time="0.008" classname="com.crm.qa.practice.DataProviderExample"/>
  <testcase name="printData" time="0.002" classname="com.crm.qa.practice.DataProviderExample"/>
</testsuite> <!-- com.crm.qa.practice.DataProviderExample -->
