<?xml version="1.0" encoding="UTF-8"?>
<!-- Generated by org.testng.reporters.JUnitReportReporter -->
<testsuite skipped="0" hostname="in-suhailma-1" name="com.crm.qa.generics.Others" tests="1" failures="0" timestamp="25 Sep 2018 09:14:21 GMT" time="11.237" errors="0">
  <testcase name="Demo1" time="11.237" classname="com.crm.qa.generics.Others"/>
</testsuite> <!-- com.crm.qa.generics.Others -->
