<?xml version="1.0" encoding="UTF-8"?>
<!-- Generated by org.testng.reporters.JUnitReportReporter -->
<testsuite skipped="3" hostname="in-suhailma-1" name="com.crm.qa.practice.GoogleTest" tests="4" failures="0" timestamp="28 Sep 2018 09:24:20 GMT" time="9.699" errors="0">
  <testcase name="searchtab" time="9.699" classname="com.crm.qa.practice.GoogleTest"/>
  <testcase name="printTitle" classname="com.crm.qa.practice.GoogleTest">
    <skipped/>
  </testcase> <!-- printTitle -->
  <testcase name="verifyGmailTab" classname="com.crm.qa.practice.GoogleTest">
    <skipped/>
  </testcase> <!-- verifyGmailTab -->
  <testcase name="verifyGoogleImage" classname="com.crm.qa.practice.GoogleTest">
    <skipped/>
  </testcase> <!-- verifyGoogleImage -->
</testsuite> <!-- com.crm.qa.practice.GoogleTest -->
