<?xml version="1.0" encoding="UTF-8"?>
<!-- Generated by org.testng.reporters.JUnitReportReporter -->
<testsuite skipped="0" hostname="in-suhailma-1" name="com.crm.qa.practice.parameters" tests="1" failures="0" timestamp="28 Sep 2018 10:13:56 GMT" time="21.160" errors="0">
  <testcase name="yahooLoginTest" time="21.160" classname="com.crm.qa.practice.parameters"/>
</testsuite> <!-- com.crm.qa.practice.parameters -->
