<?xml version="1.0" encoding="UTF-8"?>
<!-- Generated by org.testng.reporters.JUnitReportReporter -->
<testsuite skipped="0" hostname="in-suhailma-1" name="com.crm.qa.practice.DataProvider" tests="5" failures="0" timestamp="01 Oct 2018 13:55:29 GMT" time="63.038" errors="0">
  <testcase name="halfEbayRegistration" time="20.042" classname="com.crm.qa.practice.DataProvider"/>
  <testcase name="halfEbayRegistration" time="10.090" classname="com.crm.qa.practice.DataProvider"/>
  <testcase name="halfEbayRegistration" time="11.321" classname="com.crm.qa.practice.DataProvider"/>
  <testcase name="halfEbayRegistration" time="10.492" classname="com.crm.qa.practice.DataProvider"/>
  <testcase name="halfEbayRegistration" time="11.093" classname="com.crm.qa.practice.DataProvider"/>
</testsuite> <!-- com.crm.qa.practice.DataProvider -->
