<?xml version="1.0" encoding="UTF-8"?>
<!-- Generated by org.testng.reporters.JUnitReportReporter -->
<testsuite skipped="0" hostname="in-suhailma-1" name="com.crm.qa.practice.TestNGConcept" tests="12" failures="0" timestamp="27 Sep 2018 10:07:23 GMT" time="0.045" errors="0">
  <testcase name="testMethod1" time="0.003" classname="com.crm.qa.practice.TestNGConcept"/>
  <testcase name="testMethod1" time="0.002" classname="com.crm.qa.practice.TestNGConcept"/>
  <testcase name="testMethod1" time="0.002" classname="com.crm.qa.practice.TestNGConcept"/>
  <testcase name="testMethod1" time="0.004" classname="com.crm.qa.practice.TestNGConcept"/>
  <testcase name="testMethod1" time="0.003" classname="com.crm.qa.practice.TestNGConcept"/>
  <testcase name="testMethod1" time="0.003" classname="com.crm.qa.practice.TestNGConcept"/>
  <testcase name="testMethod1" time="0.003" classname="com.crm.qa.practice.TestNGConcept"/>
  <testcase name="testMethod2" time="0.003" classname="com.crm.qa.practice.TestNGConcept"/>
  <testcase name="testMethod1" time="0.008" classname="com.crm.qa.practice.TestNGConcept"/>
  <testcase name="testMethod3" time="0.004" classname="com.crm.qa.practice.TestNGConcept"/>
  <testcase name="testMethod1" time="0.004" classname="com.crm.qa.practice.TestNGConcept"/>
  <testcase name="testMethod1" time="0.006" classname="com.crm.qa.practice.TestNGConcept"/>
</testsuite> <!-- com.crm.qa.practice.TestNGConcept -->
